
*** Running vivado
    with args -log top_module.vds -m64 -product Vivado -mode batch -messageDb vivado.pb -notrace -source top_module.tcl


ECHO 处于关闭状态。
ECHO 处于关闭状态。

****** Vivado v2023.2 (64-bit)
  **** SW Build 4029153 on Fri Oct 13 20:14:34 MDT 2023
  **** IP Build 4028589 on Sat Oct 14 00:45:43 MDT 2023
  **** SharedData Build 4025554 on Tue Oct 10 17:18:54 MDT 2023
    ** Copyright 1986-2022 Xilinx, Inc. All Rights Reserved.
    ** Copyright 2022-2023 Advanced Micro Devices, Inc. All Rights Reserved.

source top_module.tcl -notrace
Command: read_checkpoint -auto_incremental -incremental C:/Users/poc/poc.srcs/utils_1/imports/synth_1/processor.dcp
INFO: [Vivado 12-5825] Read reference checkpoint from C:/Users/poc/poc.srcs/utils_1/imports/synth_1/processor.dcp for incremental synthesis
INFO: [Vivado 12-7989] Please ensure there are no constraint changes
Command: synth_design -top top_module -part xc7k70tfbv676-1
Starting synth_design
Attempting to get a license for feature 'Synthesis' and/or device 'xc7k70t'
INFO: [Common 17-349] Got license for feature 'Synthesis' and/or device 'xc7k70t'
INFO: [Designutils 20-5440] No compile time benefit to using incremental synthesis; A full resynthesis will be run
INFO: [Designutils 20-4379] Flow is switching to default flow due to incremental criteria not met. If you would like to alter this behaviour and have the flow terminate instead, please set the following parameter config_implementation {autoIncr.Synth.RejectBehavior Terminate}
INFO: [Synth 8-7079] Multithreading enabled for synth_design using a maximum of 2 processes.
INFO: [Synth 8-7078] Launching helper process for spawning children vivado processes
INFO: [Synth 8-7075] Helper process launched with PID 33460
---------------------------------------------------------------------------------
Starting Synthesize : Time (s): cpu = 00:00:01 ; elapsed = 00:00:03 . Memory (MB): peak = 952.648 ; gain = 438.379
---------------------------------------------------------------------------------
INFO: [Synth 8-6157] synthesizing module 'top_module' [C:/Users/poc/poc.srcs/sources_1/new/top_module.v:23]
INFO: [Synth 8-6157] synthesizing module 'processor' [C:/Users/poc/poc.srcs/sources_1/new/processor.v:23]
INFO: [Synth 8-6155] done synthesizing module 'processor' (0#1) [C:/Users/poc/poc.srcs/sources_1/new/processor.v:23]
WARNING: [Synth 8-6104] Input port 'clk' has an internal driver [C:/Users/poc/poc.srcs/sources_1/new/top_module.v:40]
INFO: [Synth 8-6157] synthesizing module 'poc' [C:/Users/poc/poc.srcs/sources_1/new/poc.v:23]
INFO: [Synth 8-6155] done synthesizing module 'poc' (0#1) [C:/Users/poc/poc.srcs/sources_1/new/poc.v:23]
WARNING: [Synth 8-689] width (8) of port connection 'PD' does not match port width (1) of module 'poc' [C:/Users/poc/poc.srcs/sources_1/new/top_module.v:55]
INFO: [Synth 8-6157] synthesizing module 'printer' [C:/Users/poc/poc.srcs/sources_1/new/printer.v:23]
INFO: [Synth 8-6155] done synthesizing module 'printer' (0#1) [C:/Users/poc/poc.srcs/sources_1/new/printer.v:23]
INFO: [Synth 8-6155] done synthesizing module 'top_module' (0#1) [C:/Users/poc/poc.srcs/sources_1/new/top_module.v:23]
WARNING: [Synth 8-3848] Net clk in module/entity processor does not have driver. [C:/Users/poc/poc.srcs/sources_1/new/processor.v:29]
WARNING: [Synth 8-6014] Unused sequential element pd_reg was removed.  [C:/Users/poc/poc.srcs/sources_1/new/poc.v:78]
WARNING: [Synth 8-3848] Net PD in module/entity poc does not have driver. [C:/Users/poc/poc.srcs/sources_1/new/poc.v:33]
WARNING: [Synth 8-7129] Port PD in module poc is either unconnected or has no load
WARNING: [Synth 8-7129] Port ADDR in module poc is either unconnected or has no load
WARNING: [Synth 8-7129] Port Dout[6] in module processor is either unconnected or has no load
WARNING: [Synth 8-7129] Port Dout[5] in module processor is either unconnected or has no load
WARNING: [Synth 8-7129] Port Dout[4] in module processor is either unconnected or has no load
WARNING: [Synth 8-7129] Port Dout[3] in module processor is either unconnected or has no load
WARNING: [Synth 8-7129] Port Dout[2] in module processor is either unconnected or has no load
WARNING: [Synth 8-7129] Port Dout[1] in module processor is either unconnected or has no load
---------------------------------------------------------------------------------
Finished Synthesize : Time (s): cpu = 00:00:01 ; elapsed = 00:00:04 . Memory (MB): peak = 1060.941 ; gain = 546.672
---------------------------------------------------------------------------------
---------------------------------------------------------------------------------
Finished Constraint Validation : Time (s): cpu = 00:00:02 ; elapsed = 00:00:05 . Memory (MB): peak = 1060.941 ; gain = 546.672
---------------------------------------------------------------------------------
---------------------------------------------------------------------------------
Start Loading Part and Timing Information
---------------------------------------------------------------------------------
Loading part: xc7k70tfbv676-1
---------------------------------------------------------------------------------
Finished Loading Part and Timing Information : Time (s): cpu = 00:00:02 ; elapsed = 00:00:05 . Memory (MB): peak = 1060.941 ; gain = 546.672
---------------------------------------------------------------------------------
INFO: [Device 21-403] Loading part xc7k70tfbv676-1
INFO: [Synth 8-802] inferred FSM for state register 'state_reg' in module 'processor'
---------------------------------------------------------------------------------------------------
                   State |                     New Encoding |                Previous Encoding 
---------------------------------------------------------------------------------------------------
                 iSTATE1 |                              001 |                               00
                 iSTATE0 |                              010 |                               11
                 iSTATE2 |                              100 |                               01
---------------------------------------------------------------------------------------------------
INFO: [Synth 8-3354] encoded FSM with state register 'state_reg' using encoding 'one-hot' in module 'processor'
---------------------------------------------------------------------------------
Finished RTL Optimization Phase 2 : Time (s): cpu = 00:00:02 ; elapsed = 00:00:05 . Memory (MB): peak = 1060.941 ; gain = 546.672
---------------------------------------------------------------------------------
No constraint files found.
---------------------------------------------------------------------------------
Start RTL Component Statistics 
---------------------------------------------------------------------------------
Detailed RTL Component Info : 
+---Adders : 
	   2 Input    3 Bit       Adders := 1     
+---XORs : 
	   2 Input      1 Bit         XORs := 1     
+---Registers : 
	                8 Bit    Registers := 6     
	                3 Bit    Registers := 1     
	                1 Bit    Registers := 6     
+---Muxes : 
	   3 Input    8 Bit        Muxes := 1     
	   2 Input    8 Bit        Muxes := 3     
	   4 Input    8 Bit        Muxes := 2     
	   3 Input    3 Bit        Muxes := 1     
	   2 Input    3 Bit        Muxes := 7     
	   3 Input    2 Bit        Muxes := 1     
	   3 Input    1 Bit        Muxes := 2     
	   4 Input    1 Bit        Muxes := 6     
	   2 Input    1 Bit        Muxes := 6     
---------------------------------------------------------------------------------
Finished RTL Component Statistics 
---------------------------------------------------------------------------------
---------------------------------------------------------------------------------
Start Part Resource Summary
---------------------------------------------------------------------------------
Part Resources:
DSPs: 240 (col length:80)
BRAMs: 270 (col length: RAMB18 80 RAMB36 40)
---------------------------------------------------------------------------------
Finished Part Resource Summary
---------------------------------------------------------------------------------
No constraint files found.
---------------------------------------------------------------------------------
Start Cross Boundary and Area Optimization
---------------------------------------------------------------------------------
WARNING: [Synth 8-7080] Parallel synthesis criteria is not met
WARNING: [Synth 8-3917] design top_module has port printer[7] driven by constant 0
WARNING: [Synth 8-3917] design top_module has port printer[6] driven by constant 0
WARNING: [Synth 8-3917] design top_module has port printer[5] driven by constant 0
WARNING: [Synth 8-3917] design top_module has port printer[4] driven by constant 0
WARNING: [Synth 8-3917] design top_module has port printer[3] driven by constant 0
WARNING: [Synth 8-3917] design top_module has port printer[2] driven by constant 0
WARNING: [Synth 8-3917] design top_module has port printer[1] driven by constant 0
WARNING: [Synth 8-3332] Sequential element (u1/FSM_onehot_state_reg[2]) is unused and will be removed from module top_module.
WARNING: [Synth 8-3332] Sequential element (u1/FSM_onehot_state_reg[1]) is unused and will be removed from module top_module.
WARNING: [Synth 8-3332] Sequential element (u1/FSM_onehot_state_reg[0]) is unused and will be removed from module top_module.
---------------------------------------------------------------------------------
Finished Cross Boundary and Area Optimization : Time (s): cpu = 00:00:03 ; elapsed = 00:00:09 . Memory (MB): peak = 1241.688 ; gain = 727.418
---------------------------------------------------------------------------------
No constraint files found.
---------------------------------------------------------------------------------
Start Timing Optimization
---------------------------------------------------------------------------------
---------------------------------------------------------------------------------
Finished Timing Optimization : Time (s): cpu = 00:00:03 ; elapsed = 00:00:09 . Memory (MB): peak = 1241.688 ; gain = 727.418
---------------------------------------------------------------------------------
---------------------------------------------------------------------------------
Start Technology Mapping
---------------------------------------------------------------------------------
---------------------------------------------------------------------------------
Finished Technology Mapping : Time (s): cpu = 00:00:03 ; elapsed = 00:00:09 . Memory (MB): peak = 1241.688 ; gain = 727.418
---------------------------------------------------------------------------------
---------------------------------------------------------------------------------
Start IO Insertion
---------------------------------------------------------------------------------
---------------------------------------------------------------------------------
Start Flattening Before IO Insertion
---------------------------------------------------------------------------------
---------------------------------------------------------------------------------
Finished Flattening Before IO Insertion
---------------------------------------------------------------------------------
---------------------------------------------------------------------------------
Start Final Netlist Cleanup
---------------------------------------------------------------------------------
---------------------------------------------------------------------------------
Finished Final Netlist Cleanup
---------------------------------------------------------------------------------
---------------------------------------------------------------------------------
Finished IO Insertion : Time (s): cpu = 00:00:04 ; elapsed = 00:00:12 . Memory (MB): peak = 1241.688 ; gain = 727.418
---------------------------------------------------------------------------------
---------------------------------------------------------------------------------
Start Renaming Generated Instances
---------------------------------------------------------------------------------
---------------------------------------------------------------------------------
Finished Renaming Generated Instances : Time (s): cpu = 00:00:04 ; elapsed = 00:00:12 . Memory (MB): peak = 1241.688 ; gain = 727.418
---------------------------------------------------------------------------------
---------------------------------------------------------------------------------
Start Rebuilding User Hierarchy
---------------------------------------------------------------------------------
---------------------------------------------------------------------------------
Finished Rebuilding User Hierarchy : Time (s): cpu = 00:00:04 ; elapsed = 00:00:12 . Memory (MB): peak = 1241.688 ; gain = 727.418
---------------------------------------------------------------------------------
---------------------------------------------------------------------------------
Start Renaming Generated Ports
---------------------------------------------------------------------------------
---------------------------------------------------------------------------------
Finished Renaming Generated Ports : Time (s): cpu = 00:00:04 ; elapsed = 00:00:12 . Memory (MB): peak = 1241.688 ; gain = 727.418
---------------------------------------------------------------------------------
---------------------------------------------------------------------------------
Start Handling Custom Attributes
---------------------------------------------------------------------------------
---------------------------------------------------------------------------------
Finished Handling Custom Attributes : Time (s): cpu = 00:00:04 ; elapsed = 00:00:12 . Memory (MB): peak = 1241.688 ; gain = 727.418
---------------------------------------------------------------------------------
---------------------------------------------------------------------------------
Start Renaming Generated Nets
---------------------------------------------------------------------------------
---------------------------------------------------------------------------------
Finished Renaming Generated Nets : Time (s): cpu = 00:00:04 ; elapsed = 00:00:12 . Memory (MB): peak = 1241.688 ; gain = 727.418
---------------------------------------------------------------------------------
---------------------------------------------------------------------------------
Start Writing Synthesis Report
---------------------------------------------------------------------------------

Report BlackBoxes: 
+-+--------------+----------+
| |BlackBox name |Instances |
+-+--------------+----------+
+-+--------------+----------+

Report Cell Usage: 
+------+-----+------+
|      |Cell |Count |
+------+-----+------+
|1     |OBUF |     8|
+------+-----+------+

Report Instance Areas: 
+------+---------+-------+------+
|      |Instance |Module |Cells |
+------+---------+-------+------+
|1     |top      |       |     8|
+------+---------+-------+------+
---------------------------------------------------------------------------------
Finished Writing Synthesis Report : Time (s): cpu = 00:00:04 ; elapsed = 00:00:12 . Memory (MB): peak = 1241.688 ; gain = 727.418
---------------------------------------------------------------------------------
Synthesis finished with 0 errors, 0 critical warnings and 24 warnings.
Synthesis Optimization Runtime : Time (s): cpu = 00:00:04 ; elapsed = 00:00:12 . Memory (MB): peak = 1241.688 ; gain = 727.418
Synthesis Optimization Complete : Time (s): cpu = 00:00:04 ; elapsed = 00:00:12 . Memory (MB): peak = 1241.688 ; gain = 727.418
INFO: [Project 1-571] Translating synthesized netlist
Netlist sorting complete. Time (s): cpu = 00:00:00 ; elapsed = 00:00:00 . Memory (MB): peak = 1246.613 ; gain = 0.000
INFO: [Project 1-570] Preparing netlist for logic optimization
INFO: [Opt 31-138] Pushed 0 inverter(s) to 0 load pin(s).
Netlist sorting complete. Time (s): cpu = 00:00:00 ; elapsed = 00:00:00 . Memory (MB): peak = 1343.855 ; gain = 0.000
INFO: [Project 1-111] Unisim Transformation Summary:
No Unisim elements were transformed.

系统找不到指定的路径。
Synth Design complete | Checksum: 4bacd9ed
INFO: [Common 17-83] Releasing license: Synthesis
24 Infos, 24 Warnings, 0 Critical Warnings and 0 Errors encountered.
synth_design completed successfully
synth_design: Time (s): cpu = 00:00:05 ; elapsed = 00:00:13 . Memory (MB): peak = 1343.855 ; gain = 836.793
Write ShapeDB Complete: Time (s): cpu = 00:00:00 ; elapsed = 00:00:00 . Memory (MB): peak = 1343.855 ; gain = 0.000
INFO: [Common 17-1381] The checkpoint 'C:/Users/poc/poc.runs/synth_1/top_module.dcp' has been generated.
INFO: [runtcl-4] Executing : report_utilization -file top_module_utilization_synth.rpt -pb top_module_utilization_synth.pb
INFO: [Common 17-206] Exiting Vivado at Mon Mar 18 12:09:52 2024...
